<?xml version="1.0" encoding="UTF-8"?>
<testng-results ignored="0" total="1" passed="1" failed="0" skipped="0">
  <reporter-output>
  </reporter-output>
  <suite started-at="2023-11-08T11:20:01 IST" name="Default suite" finished-at="2023-11-08T11:20:30 IST" duration-ms="29411">
    <groups>
    </groups>
    <test started-at="2023-11-08T11:20:01 IST" name="Default test" finished-at="2023-11-08T11:20:30 IST" duration-ms="29411">
      <class name="AssertionPACK.assertionclass">
        <test-method signature="testScripts()[pri:0, instance:AssertionPACK.assertionclass@5acf93bb]" started-at="2023-11-08T11:20:01 IST" name="testScripts" finished-at="2023-11-08T11:20:30 IST" duration-ms="29332" status="PASS">
          <reporter-output>
          </reporter-output>
        </test-method> <!-- testScripts -->
      </class> <!-- AssertionPACK.assertionclass -->
    </test> <!-- Default test -->
  </suite> <!-- Default suite -->
</testng-results>
